<?xml version="1.0" encoding="UTF-8"?>
<testng-results ignored="0" total="1" passed="1" failed="0" skipped="0">
  <reporter-output>
  </reporter-output>
  <suite started-at="2024-02-01T12:53:56 IST" name="Default suite" finished-at="2024-02-01T12:54:28 IST" duration-ms="31957">
    <groups>
    </groups>
    <test started-at="2024-02-01T12:53:56 IST" name="Default test" finished-at="2024-02-01T12:54:28 IST" duration-ms="31957">
      <class name="Tasks.Upload">
        <test-method signature="uploadresume()[pri:0, instance:Tasks.Upload@38c6f217]" started-at="2024-02-01T12:53:56 IST" name="uploadresume" finished-at="2024-02-01T12:54:28 IST" duration-ms="31871" status="PASS">
          <reporter-output>
          </reporter-output>
        </test-method> <!-- uploadresume -->
      </class> <!-- Tasks.Upload -->
    </test> <!-- Default test -->
  </suite> <!-- Default suite -->
</testng-results>
